{"/home/ixyhoo/Documents/ixyhoo/JS-A-to-Z/test-js/add.js": {"path":"/home/ixyhoo/Documents/ixyhoo/JS-A-to-Z/test-js/add.js","statementMap":{"0":{"start":{"line":6,"column":4},"end":{"line":6,"column":17}},"1":{"start":{"line":9,"column":0},"end":{"line":9,"column":24}}},"fnMap":{"0":{"name":"addNum","decl":{"start":{"line":5,"column":9},"end":{"line":5,"column":15}},"loc":{"start":{"line":5,"column":21},"end":{"line":7,"column":1}},"line":5}},"branchMap":{},"s":{"0":1,"1":1},"f":{"0":1},"b":{},"_coverageSchema":"1a1c01bbd47fc00a2c39e90264f33305004495a9","hash":"7cb88ee4649e38124bafee72fd19134281076af7"}
,"/home/ixyhoo/Documents/ixyhoo/JS-A-to-Z/test-js/fusionArray.js": {"path":"/home/ixyhoo/Documents/ixyhoo/JS-A-to-Z/test-js/fusionArray.js","statementMap":{"0":{"start":{"line":2,"column":4},"end":{"line":2,"column":29}},"1":{"start":{"line":6,"column":4},"end":{"line":6,"column":16}},"2":{"start":{"line":8,"column":0},"end":{"line":8,"column":29}}},"fnMap":{"0":{"name":"fusionArray","decl":{"start":{"line":1,"column":9},"end":{"line":1,"column":20}},"loc":{"start":{"line":1,"column":32},"end":{"line":3,"column":1}},"line":1},"1":{"name":"cloneArray","decl":{"start":{"line":5,"column":9},"end":{"line":5,"column":19}},"loc":{"start":{"line":5,"column":25},"end":{"line":7,"column":1}},"line":5}},"branchMap":{},"s":{"0":1,"1":0,"2":1},"f":{"0":1,"1":0},"b":{},"_coverageSchema":"1a1c01bbd47fc00a2c39e90264f33305004495a9","hash":"7140390e730681445a3048c41c6a65a9018b4921"}
}
